
---

Parsing arguments...
Parsing done: Namespace(corpus_path='Data/Graded readers list.csv', max_docs=None, shorten_content=False, strip_named_entities=True, func=<function execute at 0x16cc3d820>)

BAG-OF-WORDS START
---
corpus_path =  Data/Graded readers list.csv
max_docs =  None
---
Load data: 0 seconds
Preprocess: 112 seconds
=== BOW ===
Cross-validation scores:
[0.66666667 0.33333333 0.66666667 0.6        0.4       ]
Cross-validation avg. score:
0.5333333333333333
Model train score:
1.0
Model test score:
0.875
------------------------------
		lr_bow_pred
------------------------------
             Train  |  Test
------------------------------
  accuracy 1.000000 0.875000
 precision 1.000000 0.875000
    recall 1.000000 0.875000
        f1 1.000000 0.875000
------------------------------
[[ 9  0  0]
 [ 0 10  0]
 [ 0  0  9]]
---
[[2 1 0]
 [0 3 0]
 [0 0 2]]


  Coef          Feature    Coef            Feature
---------------------------------------------------
                     Avanzado
---------------------------------------------------
0.245066          haber    -0.130872       marinero
0.244804          balsa    -0.129013        camping
0.195564          disco    -0.118825         cuadro
0.152472   departamento    -0.102932       sinagoga
0.144010             si    -0.099245            bar
0.137019           cosa    -0.096669         dentro
0.128874         gratin    -0.094838            pez
0.128874           hall    -0.094515  verónicamente
0.128874          music    -0.094210        ventana
0.124573         querío    -0.093697         marido
0.122717          indio    -0.093351        agencia
0.120089           tíaú    -0.092925             ir
0.108351        jesuita    -0.092579          lunes
0.108351      religioso    -0.092202            sol
0.106327         propio    -0.090373         fiesta
0.106228          forma    -0.090272          plaza
0.099274         aunque    -0.089452          chico
0.096254       italiano    -0.088124        español
0.093629         pronto    -0.087963           joya
0.090770           niña    -0.087783          cerca
0.089020          velar    -0.086210          calor
0.087582          aquel    -0.086082            río
0.086216         social    -0.085686            rey
0.083622         hombre    -0.085410          museo
0.083495         nativo    -0.085300         vecino
0.081870         nombre    -0.083971       contesto
0.081264       guaraníe    -0.083517        alcalde
0.081264      industria    -0.083456          coger
0.080144          bueno    -0.081462          fuego
0.079989       personal    -0.080756           aire
0.079919          grupo    -0.079908          nuevo
0.079820     expedición    -0.077645          mujer
0.078056           moto    -0.077355        billete
0.078055        europeo    -0.074370        batalla
0.077858      atreviste    -0.072621         sentar
0.077858       insumiso    -0.071946           leer
0.077324          belle    -0.071258           caso
0.077324           dama    -0.070897            ojo
0.077324       mantener    -0.070563           allí
0.077324         époque    -0.070339        abierto
0.075524           cuyo    -0.070197          llave
0.074587           arte    -0.070193           caña
0.074150        sistema    -0.070055          volar
0.071713          patio    -0.069465       nervioso
0.070530          saber    -0.068849         entrar
0.070075         música    -0.068833        empezar
0.070002      americano    -0.068465          verde
0.069959      artístico    -0.068321           doce
0.069799        viernes    -0.068294            dos
0.068766        cambiar    -0.067442       multitud
0.068470        parecer    -0.066904            día
0.068363         cuenta    -0.066618           tres
0.067996       indígena    -0.066298          tener
0.067558         tratar    -0.066271         mañana
0.067454       culpable    -0.064095         pensar
0.066765    embarcación    -0.063885      inspector
0.066765      polinesio    -0.063745         camión
0.066765         tronco    -0.063707           alto
0.066343         hablar    -0.063691         rambla
0.065658     biblioteca    -0.063299          nadie
---------------------------------------------------
                 Avanzado as dict
---------------------------------------------------
Avanzado = {
	"haber": 0.245066,
	"balsa": 0.244804,
	"disco": 0.195564,
	"departamento": 0.152472,
	"si": 0.144010,
	"cosa": 0.137019,
	"gratin": 0.128874,
	"hall": 0.128874,
	"music": 0.128874,
	"querío": 0.124573,
	"indio": 0.122717,
	"tíaú": 0.120089,
	"jesuita": 0.108351,
	"religioso": 0.108351,
	"propio": 0.106327,
	"forma": 0.106228,
	"aunque": 0.099274,
	"italiano": 0.096254,
	"pronto": 0.093629,
	"niña": 0.090770,
	"velar": 0.089020,
	"aquel": 0.087582,
	"social": 0.086216,
	"hombre": 0.083622,
	"nativo": 0.083495,
	"nombre": 0.081870,
	"guaraníe": 0.081264,
	"industria": 0.081264,
	"bueno": 0.080144,
	"personal": 0.079989,
	"grupo": 0.079919,
	"expedición": 0.079820,
	"moto": 0.078056,
	"europeo": 0.078055,
	"atreviste": 0.077858,
	"insumiso": 0.077858,
	"belle": 0.077324,
	"dama": 0.077324,
	"mantener": 0.077324,
	"époque": 0.077324,
	"cuyo": 0.075524,
	"arte": 0.074587,
	"sistema": 0.074150,
	"patio": 0.071713,
	"saber": 0.070530,
	"música": 0.070075,
	"americano": 0.070002,
	"artístico": 0.069959,
	"viernes": 0.069799,
	"cambiar": 0.068766,
	"parecer": 0.068470,
	"cuenta": 0.068363,
	"indígena": 0.067996,
	"tratar": 0.067558,
	"culpable": 0.067454,
	"embarcación": 0.066765,
	"polinesio": 0.066765,
	"tronco": 0.066765,
	"hablar": 0.066343,
	"biblioteca": 0.065658,
	"marinero": -0.130872,
	"camping": -0.129013,
	"cuadro": -0.118825,
	"sinagoga": -0.102932,
	"bar": -0.099245,
	"dentro": -0.096669,
	"pez": -0.094838,
	"verónicamente": -0.094515,
	"ventana": -0.094210,
	"marido": -0.093697,
	"agencia": -0.093351,
	"ir": -0.092925,
	"lunes": -0.092579,
	"sol": -0.092202,
	"fiesta": -0.090373,
	"plaza": -0.090272,
	"chico": -0.089452,
	"español": -0.088124,
	"joya": -0.087963,
	"cerca": -0.087783,
	"calor": -0.086210,
	"río": -0.086082,
	"rey": -0.085686,
	"museo": -0.085410,
	"vecino": -0.085300,
	"contesto": -0.083971,
	"alcalde": -0.083517,
	"coger": -0.083456,
	"fuego": -0.081462,
	"aire": -0.080756,
	"nuevo": -0.079908,
	"mujer": -0.077645,
	"billete": -0.077355,
	"batalla": -0.074370,
	"sentar": -0.072621,
	"leer": -0.071946,
	"caso": -0.071258,
	"ojo": -0.070897,
	"allí": -0.070563,
	"abierto": -0.070339,
	"llave": -0.070197,
	"caña": -0.070193,
	"volar": -0.070055,
	"nervioso": -0.069465,
	"entrar": -0.068849,
	"empezar": -0.068833,
	"verde": -0.068465,
	"doce": -0.068321,
	"dos": -0.068294,
	"multitud": -0.067442,
	"día": -0.066904,
	"tres": -0.066618,
	"tener": -0.066298,
	"mañana": -0.066271,
	"pensar": -0.064095,
	"inspector": -0.063885,
	"camión": -0.063745,
	"alto": -0.063707,
	"rambla": -0.063691,
	"nadie": -0.063299,
}
---------------------------------------------------
                     Inicial
---------------------------------------------------
0.254441        camping    -0.158744          mujer
0.243715         cuadro    -0.155742             si
0.232683            ser    -0.137623          haber
0.216836       sinagoga    -0.133730         pueblo
0.212997       contesto    -0.130698          disco
0.191669          decir    -0.127942            ver
0.187560  verónicamente    -0.127750       marinero
0.176369        agencia    -0.116219            mar
0.173179          lunes    -0.112708          balsa
0.172295        español    -0.103854          aquel
0.169576         ladrón    -0.096054           ropa
0.161051      inspector    -0.093640            pez
0.154973          museo    -0.092370          fuego
0.153468         gustar    -0.090985         aunque
0.145824        billete    -0.085962   departamento
0.140848          llave    -0.078994         propio
0.137703             ir    -0.077854      responder
0.134744          señor    -0.077356         hombre
0.132342           leer    -0.075596            dar
0.122089       pregunta    -0.074396        batalla
0.121691          tener    -0.074002           moto
0.120589     vacaciones    -0.072682         fuerza
0.118761          volar    -0.072035        empresa
0.118587       artículo    -0.071948         rambla
0.116344         fuente    -0.070953      encontrar
0.115968     ventanilla    -0.070697         pronto
0.113636       trabajar    -0.069451         marido
0.113518          socio    -0.067889         zapato
0.109525            día    -0.067590           tíaú
0.108708           aquí    -0.067585          padre
0.108418    inscripción    -0.067442         cuenta
0.107505          ahora    -0.066238       multitud
0.106248           azul    -0.065045         tiempo
0.104992    interesante    -0.064097         varios
0.104782          quién    -0.063768         camión
0.104432        emplear    -0.063581          fondo
0.103138       escribir    -0.062960         nombre
0.102757      chocolate    -0.062960         querío
0.100710         mañana    -0.062843          forma
0.099942           café    -0.062601          music
0.098217           caso    -0.062601           hall
0.094405           robo    -0.062601         gratin
0.090374            oca    -0.060240          indio
0.089461          hucho    -0.060057          viaje
0.089246        policía    -0.059567            voz
0.088208          robar    -0.059515          mundo
0.087350           buen    -0.059251           isla
0.086521         pensar    -0.059236        embargo
0.086327      periódico    -0.058704           cara
0.085892         semana    -0.057691          hacia
0.085612         bonito    -0.057372           hora
0.084814           cano    -0.056877        posible
0.084814        jacinto    -0.056634          pieza
0.084368        comprar    -0.056614       entonces
0.083861           cine    -0.056555         añadir
0.083122         agosto    -0.056391         lanzar
0.082856         típico    -0.054875          patio
0.082696          amigo    -0.054632       italiano
0.080110      comisaría    -0.053430          brasa
0.080091           joya    -0.052807      seguridad
---------------------------------------------------
                 Inicial as dict
---------------------------------------------------
Inicial = {
	"camping": 0.254441,
	"cuadro": 0.243715,
	"ser": 0.232683,
	"sinagoga": 0.216836,
	"contesto": 0.212997,
	"decir": 0.191669,
	"verónicamente": 0.187560,
	"agencia": 0.176369,
	"lunes": 0.173179,
	"español": 0.172295,
	"ladrón": 0.169576,
	"inspector": 0.161051,
	"museo": 0.154973,
	"gustar": 0.153468,
	"billete": 0.145824,
	"llave": 0.140848,
	"ir": 0.137703,
	"señor": 0.134744,
	"leer": 0.132342,
	"pregunta": 0.122089,
	"tener": 0.121691,
	"vacaciones": 0.120589,
	"volar": 0.118761,
	"artículo": 0.118587,
	"fuente": 0.116344,
	"ventanilla": 0.115968,
	"trabajar": 0.113636,
	"socio": 0.113518,
	"día": 0.109525,
	"aquí": 0.108708,
	"inscripción": 0.108418,
	"ahora": 0.107505,
	"azul": 0.106248,
	"interesante": 0.104992,
	"quién": 0.104782,
	"emplear": 0.104432,
	"escribir": 0.103138,
	"chocolate": 0.102757,
	"mañana": 0.100710,
	"café": 0.099942,
	"caso": 0.098217,
	"robo": 0.094405,
	"oca": 0.090374,
	"hucho": 0.089461,
	"policía": 0.089246,
	"robar": 0.088208,
	"buen": 0.087350,
	"pensar": 0.086521,
	"periódico": 0.086327,
	"semana": 0.085892,
	"bonito": 0.085612,
	"cano": 0.084814,
	"jacinto": 0.084814,
	"comprar": 0.084368,
	"cine": 0.083861,
	"agosto": 0.083122,
	"típico": 0.082856,
	"amigo": 0.082696,
	"comisaría": 0.080110,
	"joya": 0.080091,
	"mujer": -0.158744,
	"si": -0.155742,
	"haber": -0.137623,
	"pueblo": -0.133730,
	"disco": -0.130698,
	"ver": -0.127942,
	"marinero": -0.127750,
	"mar": -0.116219,
	"balsa": -0.112708,
	"aquel": -0.103854,
	"ropa": -0.096054,
	"pez": -0.093640,
	"fuego": -0.092370,
	"aunque": -0.090985,
	"departamento": -0.085962,
	"propio": -0.078994,
	"responder": -0.077854,
	"hombre": -0.077356,
	"dar": -0.075596,
	"batalla": -0.074396,
	"moto": -0.074002,
	"fuerza": -0.072682,
	"empresa": -0.072035,
	"rambla": -0.071948,
	"encontrar": -0.070953,
	"pronto": -0.070697,
	"marido": -0.069451,
	"zapato": -0.067889,
	"tíaú": -0.067590,
	"padre": -0.067585,
	"cuenta": -0.067442,
	"multitud": -0.066238,
	"tiempo": -0.065045,
	"varios": -0.064097,
	"camión": -0.063768,
	"fondo": -0.063581,
	"nombre": -0.062960,
	"querío": -0.062960,
	"forma": -0.062843,
	"music": -0.062601,
	"hall": -0.062601,
	"gratin": -0.062601,
	"indio": -0.060240,
	"viaje": -0.060057,
	"voz": -0.059567,
	"mundo": -0.059515,
	"isla": -0.059251,
	"embargo": -0.059236,
	"cara": -0.058704,
	"hacia": -0.057691,
	"hora": -0.057372,
	"posible": -0.056877,
	"pieza": -0.056634,
	"entonces": -0.056614,
	"añadir": -0.056555,
	"lanzar": -0.056391,
	"patio": -0.054875,
	"italiano": -0.054632,
	"brasa": -0.053430,
	"seguridad": -0.052807,
}
---------------------------------------------------
                     Intermedio
---------------------------------------------------
0.258622       marinero    -0.246809            ser
0.236389          mujer    -0.158052          señor
0.188478            pez    -0.152244          decir
0.173832          fuego    -0.150980         gustar
0.163148         marido    -0.147707          saber
0.148766        batalla    -0.132097          balsa
0.143382           ropa    -0.129026       contesto
0.135701            río    -0.125428        camping
0.135640         rambla    -0.125133       pregunta
0.135579         vecino    -0.124889         cuadro
0.133680       multitud    -0.113905       sinagoga
0.127514         camión    -0.110606         querer
0.118337           caña    -0.108029         ladrón
0.113742          brasa    -0.107444          haber
0.105969         pueblo    -0.099239           cosa
0.102830        alcalde    -0.097166      inspector
0.101544            san    -0.093045  verónicamente
0.100362           hora    -0.091608      interesar
0.097761        empezar    -0.089545          bueno
0.096890         quemar    -0.087136          ahora
0.096640            mar    -0.084785          poner
0.094999        abierto    -0.084171        español
0.094362         tienda    -0.083018        agencia
0.092479          brazo    -0.082769       entender
0.092271          padre    -0.082185       trabajar
0.091449         cámara    -0.082170           aquí
0.091301          hacer    -0.080600          lunes
0.090993        hoguera    -0.076653     vacaciones
0.089787          lleno    -0.076638           buen
0.088496            rey    -0.074483     extranjero
0.087956          hacia    -0.074171       artículo
0.086698         balcón    -0.073568           arte
0.085675          plaza    -0.072079         ciudad
0.085672         pescar    -0.070651          llave
0.085372         añadir    -0.070201        pequeño
0.083851         lanzar    -0.069985           robo
0.082635          nuevo    -0.069563          museo
0.081384       horchata    -0.068892            hoy
0.080767         susana    -0.068469        billete
0.080548         dentro    -0.068144          claro
0.079724         timbre    -0.067630         hablar
0.079710           allá    -0.066897        comprar
0.079621       proteger    -0.066510   departamento
0.079424            ver    -0.066273          music
0.078832         puerta    -0.066273           hall
0.077608       respondí    -0.066273         gratin
0.077410        piscina    -0.065540         semana
0.076577      izquierda    -0.065115     arqueólogo
0.076260       recuerdo    -0.064866          disco
0.076196          joven    -0.063105    interesante
0.075916       camiseta    -0.062731          quién
0.075413      alrededor    -0.062477          indio
0.074986    secuestrado    -0.062011       escribir
0.074127          pieza    -0.061613         querío
0.073218          primo    -0.061081        sonreír
0.072728        después    -0.060920     ventanilla
0.072036         fuerza    -0.060397           leer
0.071663       depósito    -0.059897         fuente
0.071559        enfermo    -0.058901        difícil
0.070825         cabina    -0.058761          robar
---------------------------------------------------
                 Intermedio as dict
---------------------------------------------------
Intermedio = {
	"marinero": 0.258622,
	"mujer": 0.236389,
	"pez": 0.188478,
	"fuego": 0.173832,
	"marido": 0.163148,
	"batalla": 0.148766,
	"ropa": 0.143382,
	"río": 0.135701,
	"rambla": 0.135640,
	"vecino": 0.135579,
	"multitud": 0.133680,
	"camión": 0.127514,
	"caña": 0.118337,
	"brasa": 0.113742,
	"pueblo": 0.105969,
	"alcalde": 0.102830,
	"san": 0.101544,
	"hora": 0.100362,
	"empezar": 0.097761,
	"quemar": 0.096890,
	"mar": 0.096640,
	"abierto": 0.094999,
	"tienda": 0.094362,
	"brazo": 0.092479,
	"padre": 0.092271,
	"cámara": 0.091449,
	"hacer": 0.091301,
	"hoguera": 0.090993,
	"lleno": 0.089787,
	"rey": 0.088496,
	"hacia": 0.087956,
	"balcón": 0.086698,
	"plaza": 0.085675,
	"pescar": 0.085672,
	"añadir": 0.085372,
	"lanzar": 0.083851,
	"nuevo": 0.082635,
	"horchata": 0.081384,
	"susana": 0.080767,
	"dentro": 0.080548,
	"timbre": 0.079724,
	"allá": 0.079710,
	"proteger": 0.079621,
	"ver": 0.079424,
	"puerta": 0.078832,
	"respondí": 0.077608,
	"piscina": 0.077410,
	"izquierda": 0.076577,
	"recuerdo": 0.076260,
	"joven": 0.076196,
	"camiseta": 0.075916,
	"alrededor": 0.075413,
	"secuestrado": 0.074986,
	"pieza": 0.074127,
	"primo": 0.073218,
	"después": 0.072728,
	"fuerza": 0.072036,
	"depósito": 0.071663,
	"enfermo": 0.071559,
	"cabina": 0.070825,
	"ser": -0.246809,
	"señor": -0.158052,
	"decir": -0.152244,
	"gustar": -0.150980,
	"saber": -0.147707,
	"balsa": -0.132097,
	"contesto": -0.129026,
	"camping": -0.125428,
	"pregunta": -0.125133,
	"cuadro": -0.124889,
	"sinagoga": -0.113905,
	"querer": -0.110606,
	"ladrón": -0.108029,
	"haber": -0.107444,
	"cosa": -0.099239,
	"inspector": -0.097166,
	"verónicamente": -0.093045,
	"interesar": -0.091608,
	"bueno": -0.089545,
	"ahora": -0.087136,
	"poner": -0.084785,
	"español": -0.084171,
	"agencia": -0.083018,
	"entender": -0.082769,
	"trabajar": -0.082185,
	"aquí": -0.082170,
	"lunes": -0.080600,
	"vacaciones": -0.076653,
	"buen": -0.076638,
	"extranjero": -0.074483,
	"artículo": -0.074171,
	"arte": -0.073568,
	"ciudad": -0.072079,
	"llave": -0.070651,
	"pequeño": -0.070201,
	"robo": -0.069985,
	"museo": -0.069563,
	"hoy": -0.068892,
	"billete": -0.068469,
	"claro": -0.068144,
	"hablar": -0.067630,
	"comprar": -0.066897,
	"departamento": -0.066510,
	"music": -0.066273,
	"hall": -0.066273,
	"gratin": -0.066273,
	"semana": -0.065540,
	"arqueólogo": -0.065115,
	"disco": -0.064866,
	"interesante": -0.063105,
	"quién": -0.062731,
	"indio": -0.062477,
	"escribir": -0.062011,
	"querío": -0.061613,
	"sonreír": -0.061081,
	"ventanilla": -0.060920,
	"leer": -0.060397,
	"fuente": -0.059897,
	"difícil": -0.058901,
	"robar": -0.058761,
}
Logistic Regression: 0 seconds

Total time (2m 52s)
---

BAG-OF-WORDS END
