
---

Parsing arguments...
Parsing done: Namespace(vocabulary_path='data/vocabulary.csv', corpus_path='data/native/native.csv', level='Native', max_terms=None, max_docs=None, func=<function analyze at 0x28e53c670>)

ANALYZE START
---
vocabulary_path =  data/vocabulary.csv
corpus_path =  data/native/native.csv
level =  Native
max_terms =  None
max_docs =  None
---
Load data: 0 seconds
Group: 0 seconds
Preprocess: 170 seconds
Locate terms: 34 seconds
Frequency: 0 seconds
TFIDF: 0 seconds
Tree: 3 seconds
Context collect: 3 seconds
Context locate terms: 265 seconds
Context frequency: 2 seconds
Context TFIDF: 15 seconds
Context Tree: 1250 seconds
Export CSV: 0 seconds

Total time (29m 2s)
---

ANALYZE END
