
---

Parsing arguments...
Parsing done: Namespace(vocabulary_path='data/vocabulary.csv', corpus_path='data/readers/readers.csv', level='Avanzado', max_terms=None, max_docs=None, func=<function analyze at 0x13fe3c670>)

ANALYZE START
---
vocabulary_path =  data/vocabulary.csv
corpus_path =  data/readers/readers.csv
level =  Avanzado
max_terms =  None
max_docs =  None
---
Load data: 0 seconds
Group: 0 seconds
Preprocess: 110 seconds
Locate terms: 13 seconds
Frequency: 0 seconds
TFIDF: 0 seconds
Tree: 1 seconds
Context collect: 0 seconds
Context locate terms: 46 seconds
Context frequency: 0 seconds
Context TFIDF: 2 seconds
Context Tree: 227 seconds
Export CSV: 0 seconds

Total time (7m 39s)
---

ANALYZE END
