
---

Parsing arguments...
Parsing done: Namespace(vocabulary_path='data/vocabulary.csv', corpus_path='data/readers/readers.csv', level='Inicial', max_terms=None, max_docs=None, func=<function analyze at 0x140104670>)

ANALYZE START
---
vocabulary_path =  data/vocabulary.csv
corpus_path =  data/readers/readers.csv
level =  Inicial
max_terms =  None
max_docs =  None
---
Load data: 0 seconds
Group: 0 seconds
Preprocess: 94 seconds
Locate terms: 19 seconds
Frequency: 0 seconds
TFIDF: 0 seconds
Tree: 1 seconds
Context collect: 0 seconds
Context locate terms: 87 seconds
Context frequency: 0 seconds
Context TFIDF: 3 seconds
Context Tree: 162 seconds
Export CSV: 0 seconds

Total time (6m 6s)
---

ANALYZE END
